----------------------------------------
Begin Batch Job Prologue Fri Sep 20 10:48:52 EDT 2024
Job ID:           2038255
Username:         tur54445
Group:            chem
Job Name:         19AE1-4-A_fep.pf
Resources List:   nodes=6:ppn=28,walltime=48:00:00,neednodes=6:ppn=28
Queue:            normal
Account:          
Nodes:            b066 b070 b071 b073 b074 b081 
----------------------------------------
End Batch Job Prologue Fri Sep 20 10:48:53 EDT 2024
----------------------------------------
----------------------------------------
Begin Batch Job Epilogue Fri Sep 20 10:55:50 EDT 2024
Job ID:           2038255
Username:         tur54445
Group:            chem
Job Name:         19AE1-4-A_fep.pf
Session:          26848
Limits:           nodes=6:ppn=28,walltime=48:00:00,neednodes=6:ppn=28
Resources:        cput=19:10:14,vmem=89512772kb,walltime=00:06:57,mem=8872696kb,energy_used=0
Queue:            normal
Account:          
Deleting /dev/shm/*...
Deleting /dev/shm/*...
Deleting /dev/shm/*...
Deleting /dev/shm/*...
Deleting /dev/shm/*...
Deleting /dev/shm/*...
----------------------------------------
End Batch Job Epilogue Fri Sep 20 10:56:11 EDT 2024
----------------------------------------
